#
# There is insufficient memory for the Java Runtime Environment to continue.
# Native memory allocation (malloc) failed to allocate 135984 bytes for Chunk::new
# Possible reasons:
#   The system is out of physical RAM or swap space
#   In 32 bit mode, the process size limit was hit
# Possible solutions:
#   Reduce memory load on the system
#   Increase physical memory or swap space
#   Check if swap backing store is full
#   Use 64 bit Java on a 64 bit OS
#   Decrease Java heap size (-Xmx/-Xms)
#   Decrease number of Java threads
#   Decrease Java thread stack sizes (-Xss)
#   Set larger code cache with -XX:ReservedCodeCacheSize=
# This output file may be truncated or incomplete.
#
#  Out of Memory Error (allocation.cpp:390), pid=10448, tid=3856
#
# JRE version: Java(TM) SE Runtime Environment (8.0_31-b13) (build 1.8.0_31-b13)
# Java VM: Java HotSpot(TM) 64-Bit Server VM (25.31-b07 mixed mode windows-amd64 compressed oops)
# Failed to write core dump. Minidumps are not enabled by default on client versions of Windows
#

---------------  T H R E A D  ---------------

Current thread (0x0000000014c25800):  JavaThread "C2 CompilerThread1" daemon [_thread_in_native, id=3856, stack(0x0000000016270000,0x0000000016370000)]

Stack: [0x0000000016270000,0x0000000016370000]
Native frames: (J=compiled Java code, j=interpreted, Vv=VM code, C=native code)
V  [jvm.dll+0x3169ba]
V  [jvm.dll+0x2674c3]
V  [jvm.dll+0x268103]
V  [jvm.dll+0x25f8f5]
V  [jvm.dll+0xbf025]
V  [jvm.dll+0xbf4cc]
V  [jvm.dll+0x479917]
V  [jvm.dll+0x446c9b]
V  [jvm.dll+0x451bce]
V  [jvm.dll+0x4541b8]
V  [jvm.dll+0x437c62]
V  [jvm.dll+0x988e2]
V  [jvm.dll+0x990d3]
V  [jvm.dll+0x22c194]
V  [jvm.dll+0x28576a]
C  [msvcr100.dll+0x21d9f]
C  [msvcr100.dll+0x21e3b]
C  [KERNEL32.DLL+0x16ad]
C  [ntdll.dll+0x74629]


Current CompileTask:
C2:   1177 1605       4       com.android.dex.Dex$Section::readCode (136 bytes)


---------------  P R O C E S S  ---------------

Java Threads: ( => current thread )
  0x0000000016488800 JavaThread "Service Thread" daemon [_thread_blocked, id=10380, stack(0x0000000016870000,0x0000000016970000)]
  0x0000000014c27000 JavaThread "C1 CompilerThread2" daemon [_thread_blocked, id=11928, stack(0x0000000016370000,0x0000000016470000)]
=>0x0000000014c25800 JavaThread "C2 CompilerThread1" daemon [_thread_in_native, id=3856, stack(0x0000000016270000,0x0000000016370000)]
  0x0000000014c1e000 JavaThread "C2 CompilerThread0" daemon [_thread_in_native, id=3668, stack(0x0000000016170000,0x0000000016270000)]
  0x0000000014c1c000 JavaThread "Attach Listener" daemon [_thread_blocked, id=11328, stack(0x0000000016070000,0x0000000016170000)]
  0x0000000014c1b000 JavaThread "Signal Dispatcher" daemon [_thread_blocked, id=10496, stack(0x0000000015f70000,0x0000000016070000)]
  0x0000000002545000 JavaThread "Finalizer" daemon [_thread_blocked, id=4328, stack(0x0000000015e70000,0x0000000015f70000)]
  0x0000000014be8000 JavaThread "Reference Handler" daemon [_thread_blocked, id=9012, stack(0x0000000015d70000,0x0000000015e70000)]
  0x000000000244d800 JavaThread "main" [_thread_in_Java, id=11392, stack(0x0000000002320000,0x0000000002420000)]

Other Threads:
  0x0000000014be6000 VMThread [stack: 0x0000000015c70000,0x0000000015d70000] [id=2808]
  0x0000000014c7c000 WatcherThread [stack: 0x0000000016970000,0x0000000016a70000] [id=6564]

VM state:not at safepoint (normal execution)

VM Mutex/Monitor currently owned by a thread: None

Heap:
 PSYoungGen      total 35840K, used 21415K [0x00000000eab00000, 0x00000000ef100000, 0x0000000100000000)
  eden space 30720K, 53% used [0x00000000eab00000,0x00000000ebb114b0,0x00000000ec900000)
  from space 5120K, 96% used [0x00000000ece00000,0x00000000ed2d87e8,0x00000000ed300000)
  to   space 5120K, 0% used [0x00000000ec900000,0x00000000ec900000,0x00000000ece00000)
 ParOldGen       total 81920K, used 17872K [0x00000000c0000000, 0x00000000c5000000, 0x00000000eab00000)
  object space 81920K, 21% used [0x00000000c0000000,0x00000000c11741c8,0x00000000c5000000)
 Metaspace       used 6630K, capacity 7320K, committed 7424K, reserved 1056768K
  class space    used 692K, capacity 720K, committed 768K, reserved 1048576K

Card table byte_map: [0x0000000011910000,0x0000000011b20000] byte_map_base: 0x0000000011310000

Marking Bits: (ParMarkBitMap*) 0x0000000072cbd4f0
 Begin Bits: [0x0000000012080000, 0x0000000013080000)
 End Bits:   [0x0000000013080000, 0x0000000014080000)

Polling page: 0x0000000000980000

CodeCache: size=245760Kb used=5128Kb max_used=5139Kb free=240631Kb
 bounds [0x0000000002550000, 0x0000000002a60000, 0x0000000011550000]
 total_blobs=1929 nmethods=1645 adapters=198
 compilation: enabled

Compilation events (10 events):
Event: 1.103 Thread 0x0000000014c27000 nmethod 1642 0x0000000002a41d50 code [0x0000000002a41ee0, 0x0000000002a424a8]
Event: 1.103 Thread 0x0000000014c27000 1645       2       java.util.TimSort::binarySort (223 bytes)
Event: 1.104 Thread 0x0000000014c27000 nmethod 1645 0x0000000002a42750 code [0x0000000002a42900, 0x0000000002a42ed8]
Event: 1.104 Thread 0x0000000014c27000 1646       2       java.util.TimSort::gallopRight (335 bytes)
Event: 1.105 Thread 0x0000000014c27000 nmethod 1646 0x0000000002a43350 code [0x0000000002a43500, 0x0000000002a43af8]
Event: 1.105 Thread 0x0000000014c27000 1647       2       java.util.TimSort::gallopLeft (335 bytes)
Event: 1.106 Thread 0x0000000014c27000 nmethod 1647 0x0000000002a43f90 code [0x0000000002a44140, 0x0000000002a446f8]
Event: 1.106 Thread 0x0000000014c27000 1643       2       com.android.dx.merge.IndexMap$EncodedValueTransformer::access$000 (6 bytes)
Event: 1.106 Thread 0x0000000014c27000 nmethod 1643 0x0000000002a44b90 code [0x0000000002a44d20, 0x0000000002a44f78]
Event: 1.107 Thread 0x0000000014c27000 1648       2       com.android.dx.merge.DexMerger::transformCode (252 bytes)

GC Heap History (4 events):
Event: 0.882 GC heap before
{Heap before GC invocations=1 (full 0):
 PSYoungGen      total 35840K, used 30720K [0x00000000eab00000, 0x00000000ed300000, 0x0000000100000000)
  eden space 30720K, 100% used [0x00000000eab00000,0x00000000ec900000,0x00000000ec900000)
  from space 5120K, 0% used [0x00000000ece00000,0x00000000ece00000,0x00000000ed300000)
  to   space 5120K, 0% used [0x00000000ec900000,0x00000000ec900000,0x00000000ece00000)
 ParOldGen       total 81920K, used 0K [0x00000000c0000000, 0x00000000c5000000, 0x00000000eab00000)
  object space 81920K, 0% used [0x00000000c0000000,0x00000000c0000000,0x00000000c5000000)
 Metaspace       used 6560K, capacity 7256K, committed 7424K, reserved 1056768K
  class space    used 692K, capacity 720K, committed 768K, reserved 1048576K
Event: 0.891 GC heap after
Heap after GC invocations=1 (full 0):
 PSYoungGen      total 35840K, used 5106K [0x00000000eab00000, 0x00000000ed300000, 0x0000000100000000)
  eden space 30720K, 0% used [0x00000000eab00000,0x00000000eab00000,0x00000000ec900000)
  from space 5120K, 99% used [0x00000000ec900000,0x00000000ecdfcb08,0x00000000ece00000)
  to   space 5120K, 0% used [0x00000000ece00000,0x00000000ece00000,0x00000000ed300000)
 ParOldGen       total 81920K, used 3918K [0x00000000c0000000, 0x00000000c5000000, 0x00000000eab00000)
  object space 81920K, 4% used [0x00000000c0000000,0x00000000c03d3bf0,0x00000000c5000000)
 Metaspace       used 6560K, capacity 7256K, committed 7424K, reserved 1056768K
  class space    used 692K, capacity 720K, committed 768K, reserved 1048576K
}
Event: 1.080 GC heap before
{Heap before GC invocations=2 (full 0):
 PSYoungGen      total 35840K, used 35826K [0x00000000eab00000, 0x00000000ed300000, 0x0000000100000000)
  eden space 30720K, 100% used [0x00000000eab00000,0x00000000ec900000,0x00000000ec900000)
  from space 5120K, 99% used [0x00000000ec900000,0x00000000ecdfcb08,0x00000000ece00000)
  to   space 5120K, 0% used [0x00000000ece00000,0x00000000ece00000,0x00000000ed300000)
 ParOldGen       total 81920K, used 3918K [0x00000000c0000000, 0x00000000c5000000, 0x00000000eab00000)
  object space 81920K, 4% used [0x00000000c0000000,0x00000000c03d3bf0,0x00000000c5000000)
 Metaspace       used 6619K, capacity 7256K, committed 7424K, reserved 1056768K
  class space    used 692K, capacity 720K, committed 768K, reserved 1048576K
Event: 1.098 GC heap after
Heap after GC invocations=2 (full 0):
 PSYoungGen      total 35840K, used 4961K [0x00000000eab00000, 0x00000000ef100000, 0x0000000100000000)
  eden space 30720K, 0% used [0x00000000eab00000,0x00000000eab00000,0x00000000ec900000)
  from space 5120K, 96% used [0x00000000ece00000,0x00000000ed2d87e8,0x00000000ed300000)
  to   space 5120K, 0% used [0x00000000ec900000,0x00000000ec900000,0x00000000ece00000)
 ParOldGen       total 81920K, used 17872K [0x00000000c0000000, 0x00000000c5000000, 0x00000000eab00000)
  object space 81920K, 21% used [0x00000000c0000000,0x00000000c11741c8,0x00000000c5000000)
 Metaspace       used 6619K, capacity 7256K, committed 7424K, reserved 1056768K
  class space    used 692K, capacity 720K, committed 768K, reserved 1048576K
}

Deoptimization events (10 events):
Event: 0.589 Thread 0x000000000244d800 Uncommon trap: reason=class_check action=maybe_recompile pc=0x000000000285ea24 method=java.util.HashMap.putVal(ILjava/lang/Object;Ljava/lang/Object;ZZ)Ljava/lang/Object; @ 152
Event: 0.589 Thread 0x000000000244d800 Uncommon trap: reason=class_check action=maybe_recompile pc=0x000000000285e9c0 method=java.util.HashMap.putVal(ILjava/lang/Object;Ljava/lang/Object;ZZ)Ljava/lang/Object; @ 56
Event: 0.589 Thread 0x000000000244d800 Uncommon trap: reason=class_check action=maybe_recompile pc=0x000000000285e9c0 method=java.util.HashMap.putVal(ILjava/lang/Object;Ljava/lang/Object;ZZ)Ljava/lang/Object; @ 56
Event: 0.590 Thread 0x000000000244d800 Uncommon trap: reason=bimorphic action=maybe_recompile pc=0x00000000027932dc method=java.util.HashMap.getNode(ILjava/lang/Object;)Ljava/util/HashMap$Node; @ 126
Event: 0.673 Thread 0x000000000244d800 Uncommon trap: reason=unreached action=reinterpret pc=0x0000000002849c1c method=java.util.HashMap.getNode(ILjava/lang/Object;)Ljava/util/HashMap$Node; @ 84
Event: 0.788 Thread 0x000000000244d800 Uncommon trap: reason=unreached action=reinterpret pc=0x000000000291ad00 method=java.util.HashMap.putVal(ILjava/lang/Object;Ljava/lang/Object;ZZ)Ljava/lang/Object; @ 109
Event: 0.788 Thread 0x000000000244d800 Uncommon trap: reason=unreached action=reinterpret pc=0x00000000028d4304 method=java.util.HashMap.putVal(ILjava/lang/Object;Ljava/lang/Object;ZZ)Ljava/lang/Object; @ 109
Event: 0.826 Thread 0x000000000244d800 Uncommon trap: reason=predicate action=maybe_recompile pc=0x000000000297e588 method=com.android.dex.Leb128.readUnsignedLeb128(Lcom/android/dex/util/ByteInput;)I @ 41
Event: 1.108 Thread 0x000000000244d800 Uncommon trap: reason=unloaded action=reinterpret pc=0x0000000002a38af0 method=com.android.dx.io.instructions.InstructionCodec.decodeRegisterList(Lcom/android/dx/io/instructions/InstructionCodec;ILcom/android/dx/io/instructions/CodeInput;)Lcom/android/dx/iıÒ⁄‰∫Ò?
Event: 1.108 Thread 0x000000000244d800 Uncommon trap: reason=unloaded action=reinterpret pc=0x0000000002a37b04 method=com.android.dx.io.instructions.InstructionCodec.decodeRegisterList(Lcom/android/dx/io/instructions/InstructionCodec;ILcom/android/dx/io/instructions/CodeInput;)Lcom/android/dx/ig¿Ã÷√÷‚?

Internal exceptions (8 events):
Event: 0.027 Thread 0x000000000244d800 Exception <a 'java/lang/NoSuchMethodError': Method sun.misc.Unsafe.defineClass(Ljava/lang/String;[BII)Ljava/lang/Class; name or signature does not match> (0x00000000eab0c908) thrown at [C:\workspace\8-2-build-windows-amd64-cygwin\jdk8u31\2394\hotspot\src\sJKw˝‰õ?
Event: 0.027 Thread 0x000000000244d800 Exception <a 'java/lang/NoSuchMethodError': Method sun.misc.Unsafe.prefetchRead(Ljava/lang/Object;J)V name or signature does not match> (0x00000000eab0cb98) thrown at [C:\workspace\8-2-build-windows-amd64-cygwin\jdk8u31\2394\hotspot\src\share\vm\prims\jni.Ve{ÎZKË?
Event: 0.759 Thread 0x000000000244d800 Exception <a 'java/security/PrivilegedActionException'> (0x00000000ec0d5810) thrown at [C:\workspace\8-2-build-windows-amd64-cygwin\jdk8u31\2394\hotspot\src\share\vm\prims\jvm.cpp, line 1312]
Event: 0.759 Thread 0x000000000244d800 Exception <a 'java/security/PrivilegedActionException'> (0x00000000ec0d5b58) thrown at [C:\workspace\8-2-build-windows-amd64-cygwin\jdk8u31\2394\hotspot\src\share\vm\prims\jvm.cpp, line 1312]
Event: 0.761 Thread 0x000000000244d800 Exception <a 'java/security/PrivilegedActionException'> (0x00000000ec0d9970) thrown at [C:\workspace\8-2-build-windows-amd64-cygwin\jdk8u31\2394\hotspot\src\share\vm\prims\jvm.cpp, line 1312]
Event: 0.761 Thread 0x000000000244d800 Exception <a 'java/security/PrivilegedActionException'> (0x00000000ec0d9cb8) thrown at [C:\workspace\8-2-build-windows-amd64-cygwin\jdk8u31\2394\hotspot\src\share\vm\prims\jvm.cpp, line 1312]
Event: 0.768 Thread 0x000000000244d800 Exception <a 'java/security/PrivilegedActionException'> (0x00000000ec0ee1e8) thrown at [C:\workspace\8-2-build-windows-amd64-cygwin\jdk8u31\2394\hotspot\src\share\vm\prims\jvm.cpp, line 1312]
Event: 0.769 Thread 0x000000000244d800 Exception <a 'java/security/PrivilegedActionException'> (0x00000000ec0f0378) thrown at [C:\workspace\8-2-build-windows-amd64-cygwin\jdk8u31\2394\hotspot\src\share\vm\prims\jvm.cpp, line 1312]

Events (10 events):
Event: 1.080 Executing VM operation: ParallelGCFailedAllocation
Event: 1.098 Executing VM operation: ParallelGCFailedAllocation done
Event: 1.107 Thread 0x000000000244d800 DEOPT PACKING pc=0x00000000029be059 sp=0x000000000241f1f0
Event: 1.107 Thread 0x000000000244d800 DEOPT UNPACKING pc=0x00000000025975bf sp=0x000000000241eee0 mode 0
Event: 1.108 Thread 0x000000000244d800 Uncommon trap: trap_request=0x0000001d fr.pc=0x0000000002a38af0
Event: 1.108 Thread 0x000000000244d800 DEOPT PACKING pc=0x0000000002a38af0 sp=0x000000000241f110
Event: 1.108 Thread 0x000000000244d800 DEOPT UNPACKING pc=0x000000000259556a sp=0x000000000241efa8 mode 2
Event: 1.108 Thread 0x000000000244d800 Uncommon trap: trap_request=0x0000001d fr.pc=0x0000000002a37b04
Event: 1.108 Thread 0x000000000244d800 DEOPT PACKING pc=0x0000000002a37b04 sp=0x000000000241f020
Event: 1.108 Thread 0x000000000244d800 DEOPT UNPACKING pc=0x000000000259556a sp=0x000000000241efa8 mode 2


Dynamic libraries:
0x00007ff766e20000 - 0x00007ff766e54000 	C:\PROGRA~3\Oracle\Java\javapath\java.exe
0x00007ffa33a80000 - 0x00007ffa33c2a000 	C:\Windows\SYSTEM32\ntdll.dll
0x00007ffa31db0000 - 0x00007ffa31eea000 	C:\Windows\system32\KERNEL32.DLL
0x00007ffa30ec0000 - 0x00007ffa30fcf000 	C:\Windows\system32\KERNELBASE.dll
0x00007ffa2f150000 - 0x00007ffa2f1d8000 	C:\Windows\system32\apphelp.dll
0x00007ffa16350000 - 0x00007ffa1639f000 	C:\Windows\AppPatch\AppPatch64\AcGenral.DLL
0x00007ffa32000000 - 0x00007ffa320a7000 	C:\Windows\system32\msvcrt.dll
0x00007ffa30ca0000 - 0x00007ffa30ccb000 	C:\Windows\SYSTEM32\SspiCli.dll
0x00007ffa31ef0000 - 0x00007ffa31f41000 	C:\Windows\system32\SHLWAPI.dll
0x00007ffa337b0000 - 0x00007ffa33921000 	C:\Windows\system32\USER32.dll
0x00007ffa31c20000 - 0x00007ffa31d98000 	C:\Windows\system32\ole32.dll
0x00007ffa322f0000 - 0x00007ffa33707000 	C:\Windows\system32\SHELL32.dll
0x00007ffa30480000 - 0x00007ffa3049e000 	C:\Windows\SYSTEM32\USERENV.dll
0x00007ffa31960000 - 0x00007ffa31a05000 	C:\Windows\system32\ADVAPI32.dll
0x00007ffa21780000 - 0x00007ffa2179b000 	C:\Windows\SYSTEM32\MPR.dll
0x00007ffa320e0000 - 0x00007ffa32216000 	C:\Windows\system32\RPCRT4.dll
0x00007ffa31680000 - 0x00007ffa316d7000 	C:\Windows\SYSTEM32\sechost.dll
0x00007ffa316e0000 - 0x00007ffa318b6000 	C:\Windows\SYSTEM32\combase.dll
0x00007ffa33930000 - 0x00007ffa33a75000 	C:\Windows\system32\GDI32.dll
0x00007ffa30df0000 - 0x00007ffa30e04000 	C:\Windows\SYSTEM32\profapi.dll
0x00007ffa2f670000 - 0x00007ffa2f70f000 	C:\Windows\SYSTEM32\SHCORE.dll
0x00007ffa318c0000 - 0x00007ffa318f4000 	C:\Windows\system32\IMM32.DLL
0x00007ffa31a80000 - 0x00007ffa31bb9000 	C:\Windows\system32\MSCTF.dll
0x00007ffa2f1e0000 - 0x00007ffa2f43a000 	C:\Windows\WinSxS\amd64_microsoft.windows.common-controls_6595b64144ccf1df_6.0.9600.17031_none_6242a4b3ecbb55a1\COMCTL32.dll
0x0000000072d40000 - 0x0000000072e12000 	C:\Program Files\Java\jre1.8.0_31\bin\msvcr100.dll
0x00000000724e0000 - 0x0000000072d3a000 	C:\Program Files\Java\jre1.8.0_31\bin\server\jvm.dll
0x00007ffa2a8f0000 - 0x00007ffa2a8f9000 	C:\Windows\SYSTEM32\WSOCK32.dll
0x00007ffa2e6f0000 - 0x00007ffa2e70f000 	C:\Windows\SYSTEM32\WINMM.dll
0x00007ffa322e0000 - 0x00007ffa322e7000 	C:\Windows\system32\PSAPI.DLL
0x00007ffa31bc0000 - 0x00007ffa31c18000 	C:\Windows\system32\WS2_32.dll
0x00007ffa2e6c0000 - 0x00007ffa2e6ea000 	C:\Windows\SYSTEM32\WINMMBASE.dll
0x00007ffa320b0000 - 0x00007ffa320b9000 	C:\Windows\system32\NSI.dll
0x00007ffa311b0000 - 0x00007ffa311fa000 	C:\Windows\SYSTEM32\cfgmgr32.dll
0x00007ffa2fb70000 - 0x00007ffa2fb96000 	C:\Windows\SYSTEM32\DEVOBJ.dll
0x00000000724d0000 - 0x00000000724df000 	C:\Program Files\Java\jre1.8.0_31\bin\verify.dll
0x00000000724a0000 - 0x00000000724c8000 	C:\Program Files\Java\jre1.8.0_31\bin\java.dll
0x0000000072480000 - 0x0000000072496000 	C:\Program Files\Java\jre1.8.0_31\bin\zip.dll
0x00007ffa2a900000 - 0x00007ffa2aa88000 	C:\Windows\SYSTEM32\dbghelp.dll

VM Arguments:
jvm_args: -Xmx1024M -Xss1m -Djava.ext.dirs=C:\Users\1405321\AppData\Local\Android\sdk\build-tools\21.1.2\lib 
java_command: C:\Users\1405321\AppData\Local\Android\sdk\build-tools\21.1.2\lib\dx.jar --dex --no-optimize --output C:\Users\1405321\Desktop\Calculator\app\build\intermediates\dex\debug --input-list C:\Users\1405321\Desktop\Calculator\app\build\intermediates\tmp\dex\debug\inputList.txt
java_class_path (initial): C:\Users\1405321\AppData\Local\Android\sdk\build-tools\21.1.2\lib\dx.jar
Launcher Type: SUN_STANDARD

Environment Variables:
PATH=C:\ProgramData\Oracle\Java\javapath;c:\Program Files (x86)\Intel\iCLS Client\;c:\Program Files\Intel\iCLS Client\;C:\Windows\system32;C:\Windows;C:\Windows\System32\Wbem;C:\Windows\System32\WindowsPowerShell\v1.0\;C:\Program Files\Intel\Intel(R) Management Engine Components\DAL;C:\Program Files\Intel\Intel(R) Management Engine Components\IPT;C:\Program Files (x86)\Intel\Intel(R) Management Engine Components\DAL;C:\Program Files (x86)\Intel\Intel(R) Management Engine Components\IPT;C:\Program Files (x86)\ATI Technologies\ATI.ACE\Core-Static;C:\Program Files (x86)\MySQL\MySQL Fabric 1.5.3 & MySQL Utilities 1.5.3 1.5\;C:\Program Files (x86)\MySQL\MySQL Fabric 1.5.3 & MySQL Utilities 1.5.3 1.5\Doctrine extensions for PHP\;C:\Program Files\nodejs\;C:\Program Files\Intel\WiFi\bin\;C:\Program Files\Common Files\Intel\WirelessCommon\;C:\Users\1405321\AppData\Roaming\npm
USERNAME=1405321
OS=Windows_NT
PROCESSOR_IDENTIFIER=Intel64 Family 6 Model 69 Stepping 1, GenuineIntel



---------------  S Y S T E M  ---------------

OS: Windows 8.1 , 64 bit Build 9600 

CPU:total 4 (2 cores per cpu, 2 threads per core) family 6 model 69 stepping 1, cmov, cx8, fxsr, mmx, sse, sse2, sse3, ssse3, sse4.1, sse4.2, popcnt, avx, avx2, aes, clmul, erms, lzcnt, ht, tsc, tscinvbit, bmi1, bmi2

Memory: 4k page, physical 7766128k(1829188k free), swap 9226192k(6580k free)

vm_info: Java HotSpot(TM) 64-Bit Server VM (25.31-b07) for windows-amd64 JRE (1.8.0_31-b13), built on Dec 17 2014 21:00:28 by "java_re" with MS VC++ 10.0 (VS2010)

time: Sun Feb 22 14:11:55 2015
elapsed time: 1 seconds (0d 0h 0m 1s)

